[debug] [2025-06-19T01:03:05.270Z] ----------------------------------------------------------------------
[debug] [2025-06-19T01:03:05.272Z] Command:       /usr/local/share/nvm/versions/node/v20.19.0/bin/node /home/codespace/nvm/current/bin/firebase init
[debug] [2025-06-19T01:03:05.273Z] CLI Version:   14.7.0
[debug] [2025-06-19T01:03:05.273Z] Platform:      linux
[debug] [2025-06-19T01:03:05.273Z] Node Version:  v20.19.0
[debug] [2025-06-19T01:03:05.273Z] Time:          Thu Jun 19 2025 01:03:05 GMT+0000 (Coordinated Universal Time)
[debug] [2025-06-19T01:03:05.273Z] Env Overrides: GITHUB_API_URL, GITHUB_API_URL
[debug] [2025-06-19T01:03:05.273Z] ----------------------------------------------------------------------
[debug] 
[debug] [2025-06-19T01:03:05.277Z] > command requires scopes: ["email","openid","https://www.googleapis.com/auth/cloudplatformprojects.readonly","https://www.googleapis.com/auth/firebase","https://www.googleapis.com/auth/cloud-platform"]
[debug] [2025-06-19T01:03:05.277Z] > authorizing via signed-in user (michaelware360@gmail.com)
[info] 
     ######## #### ########  ######## ########     ###     ######  ########
     ##        ##  ##     ## ##       ##     ##  ##   ##  ##       ##
     ######    ##  ########  ######   ########  #########  ######  ######
     ##        ##  ##    ##  ##       ##     ## ##     ##       ## ##
     ##       #### ##     ## ######## ########  ##     ##  ######  ########

You're about to initialize a Firebase project in this directory:

  /home/codespace/AIDating-1

[info] 
=== Project Setup
[info] 
[info] First, let's associate this project directory with a Firebase project.
[info] You can create multiple project aliases by running firebase use --add, 
[info] but for now we'll just set up a default project.
[info] 
[debug] [2025-06-19T01:03:45.431Z] ----------------------------------------------------------------------
[debug] [2025-06-19T01:03:45.433Z] Command:       /usr/local/share/nvm/versions/node/v20.19.0/bin/node /home/codespace/nvm/current/bin/firebase init
[debug] [2025-06-19T01:03:45.433Z] CLI Version:   14.7.0
[debug] [2025-06-19T01:03:45.433Z] Platform:      linux
[debug] [2025-06-19T01:03:45.433Z] Node Version:  v20.19.0
[debug] [2025-06-19T01:03:45.433Z] Time:          Thu Jun 19 2025 01:03:45 GMT+0000 (Coordinated Universal Time)
[debug] [2025-06-19T01:03:45.434Z] Env Overrides: GITHUB_API_URL, GITHUB_API_URL
[debug] [2025-06-19T01:03:45.434Z] ----------------------------------------------------------------------
[debug] 
[debug] [2025-06-19T01:03:45.438Z] > command requires scopes: ["email","openid","https://www.googleapis.com/auth/cloudplatformprojects.readonly","https://www.googleapis.com/auth/firebase","https://www.googleapis.com/auth/cloud-platform"]
[debug] [2025-06-19T01:03:45.438Z] > authorizing via signed-in user (michaelware360@gmail.com)
[info] 
     ######## #### ########  ######## ########     ###     ######  ########
     ##        ##  ##     ## ##       ##     ##  ##   ##  ##       ##
     ######    ##  ########  ######   ########  #########  ######  ######
     ##        ##  ##    ##  ##       ##     ## ##     ##       ## ##
     ##       #### ##     ## ######## ########  ##     ##  ######  ########

You're about to initialize a Firebase project in this directory:

  /home/codespace/AIDating-1

[info] 
=== Project Setup
[info] 
[info] First, let's associate this project directory with a Firebase project.
[info] You can create multiple project aliases by running firebase use --add, 
[info] but for now we'll just set up a default project.
[info] 
[debug] [2025-06-19T01:03:58.577Z] Checked if tokens are valid: true, expires at: 1750298221227
[debug] [2025-06-19T01:03:58.578Z] Checked if tokens are valid: true, expires at: 1750298221227
[debug] [2025-06-19T01:03:58.580Z] >>> [apiv2][query] GET https://firebase.googleapis.com/v1beta1/projects pageSize=100
[debug] [2025-06-19T01:03:58.873Z] <<< [apiv2][status] GET https://firebase.googleapis.com/v1beta1/projects 200
[debug] [2025-06-19T01:03:58.873Z] <<< [apiv2][body] GET https://firebase.googleapis.com/v1beta1/projects [omitted]
[info] i  Using project aidating-b3607 (AIDating) 
[info] 
=== Dataconnect Setup
[debug] [2025-06-19T01:04:00.887Z] Checked if tokens are valid: true, expires at: 1750298221227
[debug] [2025-06-19T01:04:00.887Z] Checked if tokens are valid: true, expires at: 1750298221227
[debug] [2025-06-19T01:04:00.887Z] >>> [apiv2][query] GET https://cloudbilling.googleapis.com/v1/projects/aidating-b3607/billingInfo [none]
[debug] [2025-06-19T01:04:01.198Z] <<< [apiv2][status] GET https://cloudbilling.googleapis.com/v1/projects/aidating-b3607/billingInfo 200
[debug] [2025-06-19T01:04:01.198Z] <<< [apiv2][body] GET https://cloudbilling.googleapis.com/v1/projects/aidating-b3607/billingInfo {"name":"projects/aidating-b3607/billingInfo","projectId":"aidating-b3607","billingAccountName":"","billingEnabled":false}
[info] i  dataconnect: ensuring required API sqladmin.googleapis.com is enabled... 
[debug] [2025-06-19T01:04:01.198Z] Checked if tokens are valid: true, expires at: 1750298221227
[debug] [2025-06-19T01:04:01.199Z] Checked if tokens are valid: true, expires at: 1750298221227
[debug] [2025-06-19T01:04:01.199Z] >>> [apiv2][query] GET https://serviceusage.googleapis.com/v1/projects/aidating-b3607/services/sqladmin.googleapis.com [none]
[debug] [2025-06-19T01:04:01.199Z] >>> [apiv2][(partial)header] GET https://serviceusage.googleapis.com/v1/projects/aidating-b3607/services/sqladmin.googleapis.com x-goog-quota-user=projects/aidating-b3607
[debug] [2025-06-19T01:04:01.548Z] <<< [apiv2][status] GET https://serviceusage.googleapis.com/v1/projects/aidating-b3607/services/sqladmin.googleapis.com 200
[debug] [2025-06-19T01:04:01.548Z] <<< [apiv2][body] GET https://serviceusage.googleapis.com/v1/projects/aidating-b3607/services/sqladmin.googleapis.com [omitted]
[info] ✔  dataconnect: required API sqladmin.googleapis.com is enabled 
[debug] [2025-06-19T01:04:01.549Z] Checked if tokens are valid: true, expires at: 1750298221227
[debug] [2025-06-19T01:04:01.549Z] Checked if tokens are valid: true, expires at: 1750298221227
[debug] [2025-06-19T01:04:01.549Z] >>> [apiv2][query] GET https://firebasedataconnect.googleapis.com/v1/projects/aidating-b3607/locations/-/services [none]
[debug] [2025-06-19T01:04:02.142Z] <<< [apiv2][status] GET https://firebasedataconnect.googleapis.com/v1/projects/aidating-b3607/locations/-/services 200
[debug] [2025-06-19T01:04:02.142Z] <<< [apiv2][body] GET https://firebasedataconnect.googleapis.com/v1/projects/aidating-b3607/locations/-/services {}
[info] ✔  Wrote dataconnect/dataconnect.yaml 
[info] ✔  Wrote dataconnect/schema/schema.gql 
[info] ✔  Wrote dataconnect/connector/connector.yaml 
[info] ✔  Wrote dataconnect/connector/queries.gql 
[info] ✔  Wrote dataconnect/connector/mutations.gql 
[info] i  If you'd like to add the generated SDK to your app later, run firebase init dataconnect:sdk 
[info] i  If you'd like to provision a CloudSQL Postgres instance on the Firebase Data Connect no-cost trial:
1. Please upgrade to the pay-as-you-go (Blaze) billing plan. Visit the following page:
     https://console.firebase.google.com/project/aidating-b3607/usage/details
2. Run firebase init dataconnect again to configure the Cloud SQL instance.
3. Run firebase deploy --only dataconnect to deploy your Data Connect service. 
[info] 
=== Firestore Setup
[info] i  firestore: ensuring required API firestore.googleapis.com is enabled... 
[debug] [2025-06-19T01:04:02.151Z] Checked if tokens are valid: true, expires at: 1750298221227
[debug] [2025-06-19T01:04:02.151Z] Checked if tokens are valid: true, expires at: 1750298221227
[debug] [2025-06-19T01:04:02.152Z] >>> [apiv2][query] GET https://serviceusage.googleapis.com/v1/projects/aidating-b3607/services/firestore.googleapis.com [none]
[debug] [2025-06-19T01:04:02.152Z] >>> [apiv2][(partial)header] GET https://serviceusage.googleapis.com/v1/projects/aidating-b3607/services/firestore.googleapis.com x-goog-quota-user=projects/aidating-b3607
[debug] [2025-06-19T01:04:02.331Z] <<< [apiv2][status] GET https://serviceusage.googleapis.com/v1/projects/aidating-b3607/services/firestore.googleapis.com 200
[debug] [2025-06-19T01:04:02.333Z] <<< [apiv2][body] GET https://serviceusage.googleapis.com/v1/projects/aidating-b3607/services/firestore.googleapis.com [omitted]
[warn] ⚠  firestore: missing required API firestore.googleapis.com. Enabling now... 
[debug] [2025-06-19T01:04:02.334Z] Checked if tokens are valid: true, expires at: 1750298221227
[debug] [2025-06-19T01:04:02.334Z] Checked if tokens are valid: true, expires at: 1750298221227
[debug] [2025-06-19T01:04:02.336Z] >>> [apiv2][query] POST https://serviceusage.googleapis.com/v1/projects/aidating-b3607/services/firestore.googleapis.com:enable [none]
[debug] [2025-06-19T01:04:02.336Z] >>> [apiv2][(partial)header] POST https://serviceusage.googleapis.com/v1/projects/aidating-b3607/services/firestore.googleapis.com:enable x-goog-quota-user=projects/aidating-b3607
[debug] [2025-06-19T01:04:02.745Z] <<< [apiv2][status] POST https://serviceusage.googleapis.com/v1/projects/aidating-b3607/services/firestore.googleapis.com:enable 200
[debug] [2025-06-19T01:04:02.745Z] <<< [apiv2][body] POST https://serviceusage.googleapis.com/v1/projects/aidating-b3607/services/firestore.googleapis.com:enable [omitted]
[debug] [2025-06-19T01:04:12.751Z] Checked if tokens are valid: true, expires at: 1750298221227
[debug] [2025-06-19T01:04:12.751Z] Checked if tokens are valid: true, expires at: 1750298221227
[debug] [2025-06-19T01:04:12.751Z] >>> [apiv2][query] GET https://serviceusage.googleapis.com/v1/projects/aidating-b3607/services/firestore.googleapis.com [none]
[debug] [2025-06-19T01:04:12.751Z] >>> [apiv2][(partial)header] GET https://serviceusage.googleapis.com/v1/projects/aidating-b3607/services/firestore.googleapis.com x-goog-quota-user=projects/aidating-b3607
[debug] [2025-06-19T01:04:12.927Z] <<< [apiv2][status] GET https://serviceusage.googleapis.com/v1/projects/aidating-b3607/services/firestore.googleapis.com 200
[debug] [2025-06-19T01:04:12.927Z] <<< [apiv2][body] GET https://serviceusage.googleapis.com/v1/projects/aidating-b3607/services/firestore.googleapis.com [omitted]
[info] ✔  firestore: required API firestore.googleapis.com is enabled 
[debug] [2025-06-19T01:04:12.930Z] Checked if tokens are valid: true, expires at: 1750298221227
[debug] [2025-06-19T01:04:12.930Z] Checked if tokens are valid: true, expires at: 1750298221227
[debug] [2025-06-19T01:04:12.930Z] >>> [apiv2][query] GET https://firestore.googleapis.com/v1/projects/aidating-b3607/databases [none]
[debug] [2025-06-19T01:04:13.342Z] <<< [apiv2][status] GET https://firestore.googleapis.com/v1/projects/aidating-b3607/databases 200
[debug] [2025-06-19T01:04:13.343Z] <<< [apiv2][body] GET https://firestore.googleapis.com/v1/projects/aidating-b3607/databases {}
[debug] [2025-06-19T01:04:13.343Z] Checked if tokens are valid: true, expires at: 1750298221227
[debug] [2025-06-19T01:04:13.343Z] Checked if tokens are valid: true, expires at: 1750298221227
[debug] [2025-06-19T01:04:13.343Z] >>> [apiv2][query] GET https://firestore.googleapis.com/v1/projects/aidating-b3607/locations [none]
[debug] [2025-06-19T01:04:13.445Z] <<< [apiv2][status] GET https://firestore.googleapis.com/v1/projects/aidating-b3607/locations 200
[debug] [2025-06-19T01:04:13.445Z] <<< [apiv2][body] GET https://firestore.googleapis.com/v1/projects/aidating-b3607/locations {"locations":[{"name":"projects/aidating-b3607/locations/eur3","labels":{"appengine.googleapis.com/geo":"europe-west","cloud.googleapis.com/location":"eur3","cloud.googleapis.com/geo":"eur3"},"metadata":{"@type":"type.googleapis.com/google.firestore.admin.v1.LocationMetadata"},"locationId":"eur3","displayName":"Europe"},{"name":"projects/aidating-b3607/locations/nam5","labels":{"appengine.googleapis.com/geo":"us-central","cloud.googleapis.com/location":"nam5","cloud.googleapis.com/geo":"nam5"},"metadata":{"@type":"type.googleapis.com/google.firestore.admin.v1.LocationMetadata"},"locationId":"nam5","displayName":"United States"},{"name":"projects/aidating-b3607/locations/nam7","labels":{"cloud.googleapis.com/location":"nam7","cloud.googleapis.com/geo":"nam7"},"metadata":{"@type":"type.googleapis.com/google.firestore.admin.v1.LocationMetadata"},"locationId":"nam7","displayName":"United States"},{"name":"projects/aidating-b3607/locations/africa-south1","labels":{"cloud.googleapis.com/location":"africa-south1","cloud.googleapis.com/region":"africa-south1"},"metadata":{"@type":"type.googleapis.com/google.firestore.admin.v1.LocationMetadata"},"locationId":"africa-south1","displayName":"Johannesburg"},{"name":"projects/aidating-b3607/locations/asia-east1","labels":{"appengine.googleapis.com/region":"asia-east1","cloud.googleapis.com/location":"asia-east1","cloud.googleapis.com/region":"asia-east1"},"metadata":{"@type":"type.googleapis.com/google.firestore.admin.v1.LocationMetadata"},"locationId":"asia-east1","displayName":"Taiwan"},{"name":"projects/aidating-b3607/locations/asia-east2","labels":{"appengine.googleapis.com/region":"asia-east2","cloud.googleapis.com/location":"asia-east2","cloud.googleapis.com/region":"asia-east2"},"metadata":{"@type":"type.googleapis.com/google.firestore.admin.v1.LocationMetadata"},"locationId":"asia-east2","displayName":"Hong Kong"},{"name":"projects/aidating-b3607/locations/asia-northeast1","labels":{"appengine.googleapis.com/region":"asia-northeast1","cloud.googleapis.com/location":"asia-northeast1","cloud.googleapis.com/region":"asia-northeast1"},"metadata":{"@type":"type.googleapis.com/google.firestore.admin.v1.LocationMetadata"},"locationId":"asia-northeast1","displayName":"Tokyo"},{"name":"projects/aidating-b3607/locations/asia-northeast2","labels":{"appengine.googleapis.com/region":"asia-northeast2","cloud.googleapis.com/location":"asia-northeast2","cloud.googleapis.com/region":"asia-northeast2"},"metadata":{"@type":"type.googleapis.com/google.firestore.admin.v1.LocationMetadata"},"locationId":"asia-northeast2","displayName":"Osaka"},{"name":"projects/aidating-b3607/locations/asia-northeast3","labels":{"appengine.googleapis.com/region":"asia-northeast3","cloud.googleapis.com/location":"asia-northeast3","cloud.googleapis.com/region":"asia-northeast3"},"metadata":{"@type":"type.googleapis.com/google.firestore.admin.v1.LocationMetadata"},"locationId":"asia-northeast3","displayName":"Seoul"},{"name":"projects/aidating-b3607/locations/asia-south1","labels":{"appengine.googleapis.com/region":"asia-south1","cloud.googleapis.com/location":"asia-south1","cloud.googleapis.com/region":"asia-south1"},"metadata":{"@type":"type.googleapis.com/google.firestore.admin.v1.LocationMetadata"},"locationId":"asia-south1","displayName":"Mumbai"},{"name":"projects/aidating-b3607/locations/asia-south2","labels":{"cloud.googleapis.com/location":"asia-south2","cloud.googleapis.com/region":"asia-south2"},"metadata":{"@type":"type.googleapis.com/google.firestore.admin.v1.LocationMetadata"},"locationId":"asia-south2","displayName":"Delhi"},{"name":"projects/aidating-b3607/locations/asia-southeast1","labels":{"appengine.googleapis.com/region":"asia-southeast1","cloud.googleapis.com/location":"asia-southeast1","cloud.googleapis.com/region":"asia-southeast1"},"metadata":{"@type":"type.googleapis.com/google.firestore.admin.v1.LocationMetadata"},"locationId":"asia-southeast1","displayName":"Singapore"},{"name":"projects/aidating-b3607/locations/asia-southeast2","labels":{"appengine.googleapis.com/region":"asia-southeast2","cloud.googleapis.com/location":"asia-southeast2","cloud.googleapis.com/region":"asia-southeast2"},"metadata":{"@type":"type.googleapis.com/google.firestore.admin.v1.LocationMetadata"},"locationId":"asia-southeast2","displayName":"Jakarta"},{"name":"projects/aidating-b3607/locations/australia-southeast1","labels":{"appengine.googleapis.com/region":"australia-southeast1","cloud.googleapis.com/location":"australia-southeast1","cloud.googleapis.com/region":"australia-southeast1"},"metadata":{"@type":"type.googleapis.com/google.firestore.admin.v1.LocationMetadata"},"locationId":"australia-southeast1","displayName":"Sydney"},{"name":"projects/aidating-b3607/locations/australia-southeast2","labels":{"cloud.googleapis.com/location":"australia-southeast2","cloud.googleapis.com/region":"australia-southeast2"},"metadata":{"@type":"type.googleapis.com/google.firestore.admin.v1.LocationMetadata"},"locationId":"australia-southeast2","displayName":"Melbourne"},{"name":"projects/aidating-b3607/locations/europe-central2","labels":{"appengine.googleapis.com/region":"europe-central2","cloud.googleapis.com/location":"europe-central2","cloud.googleapis.com/region":"europe-central2"},"metadata":{"@type":"type.googleapis.com/google.firestore.admin.v1.LocationMetadata"},"locationId":"europe-central2","displayName":"Warsaw"},{"name":"projects/aidating-b3607/locations/europe-north1","labels":{"cloud.googleapis.com/location":"europe-north1","cloud.googleapis.com/region":"europe-north1"},"metadata":{"@type":"type.googleapis.com/google.firestore.admin.v1.LocationMetadata"},"locationId":"europe-north1","displayName":"Finland"},{"name":"projects/aidating-b3607/locations/europe-north2","labels":{"cloud.googleapis.com/location":"europe-north2","cloud.googleapis.com/region":"europe-north2"},"metadata":{"@type":"type.googleapis.com/google.firestore.admin.v1.LocationMetadata"},"locationId":"europe-north2","displayName":"Stockholm"},{"name":"projects/aidating-b3607/locations/europe-southwest1","labels":{"cloud.googleapis.com/location":"europe-southwest1","cloud.googleapis.com/region":"europe-southwest1"},"metadata":{"@type":"type.googleapis.com/google.firestore.admin.v1.LocationMetadata"},"locationId":"europe-southwest1","displayName":"Madrid"},{"name":"projects/aidating-b3607/locations/europe-west1","labels":{"cloud.googleapis.com/location":"europe-west1","cloud.googleapis.com/region":"europe-west1"},"metadata":{"@type":"type.googleapis.com/google.firestore.admin.v1.LocationMetadata"},"locationId":"europe-west1","displayName":"Belgium"},{"name":"projects/aidating-b3607/locations/europe-west10","labels":{"cloud.googleapis.com/location":"europe-west10","cloud.googleapis.com/region":"europe-west10"},"metadata":{"@type":"type.googleapis.com/google.firestore.admin.v1.LocationMetadata"},"locationId":"europe-west10","displayName":"Berlin"},{"name":"projects/aidating-b3607/locations/europe-west12","labels":{"cloud.googleapis.com/location":"europe-west12","cloud.googleapis.com/region":"europe-west12"},"metadata":{"@type":"type.googleapis.com/google.firestore.admin.v1.LocationMetadata"},"locationId":"europe-west12","displayName":"Turin"},{"name":"projects/aidating-b3607/locations/europe-west2","labels":{"appengine.googleapis.com/region":"europe-west2","cloud.googleapis.com/location":"europe-west2","cloud.googleapis.com/region":"europe-west2"},"metadata":{"@type":"type.googleapis.com/google.firestore.admin.v1.LocationMetadata"},"locationId":"europe-west2","displayName":"London"},{"name":"projects/aidating-b3607/locations/europe-west3","labels":{"appengine.googleapis.com/region":"europe-west3","cloud.googleapis.com/location":"europe-west3","cloud.googleapis.com/region":"europe-west3"},"metadata":{"@type":"type.googleapis.com/google.firestore.admin.v1.LocationMetadata"},"locationId":"europe-west3","displayName":"Frankfurt"},{"name":"projects/aidating-b3607/locations/europe-west4","labels":{"cloud.googleapis.com/location":"europe-west4","cloud.googleapis.com/region":"europe-west4"},"metadata":{"@type":"type.googleapis.com/google.firestore.admin.v1.LocationMetadata"},"locationId":"europe-west4","displayName":"Netherlands"},{"name":"projects/aidating-b3607/locations/europe-west6","labels":{"appengine.googleapis.com/region":"europe-west6","cloud.googleapis.com/location":"europe-west6","cloud.googleapis.com/region":"europe-west6"},"metadata":{"@type":"type.googleapis.com/google.firestore.admin.v1.LocationMetadata"},"locationId":"europe-west6","displayName":"Zurich"},{"name":"projects/aidating-b3607/locations/europe-west8","labels":{"cloud.googleapis.com/location":"europe-west8","cloud.googleapis.com/region":"europe-west8"},"metadata":{"@type":"type.googleapis.com/google.firestore.admin.v1.LocationMetadata"},"locationId":"europe-west8","displayName":"Milan"},{"name":"projects/aidating-b3607/locations/europe-west9","labels":{"cloud.googleapis.com/location":"europe-west9","cloud.googleapis.com/region":"europe-west9"},"metadata":{"@type":"type.googleapis.com/google.firestore.admin.v1.LocationMetadata"},"locationId":"europe-west9","displayName":"Paris"},{"name":"projects/aidating-b3607/locations/me-central1","labels":{"cloud.googleapis.com/location":"me-central1","cloud.googleapis.com/region":"me-central1"},"metadata":{"@type":"type.googleapis.com/google.firestore.admin.v1.LocationMetadata"},"locationId":"me-central1","displayName":"Doha"},{"name":"projects/aidating-b3607/locations/me-central2","labels":{"cloud.googleapis.com/location":"me-central2","cloud.googleapis.com/region":"me-central2"},"metadata":{"@type":"type.googleapis.com/google.firestore.admin.v1.LocationMetadata"},"locationId":"me-central2","displayName":"Dammam"},{"name":"projects/aidating-b3607/locations/me-west1","labels":{"cloud.googleapis.com/location":"me-west1","cloud.googleapis.com/region":"me-west1"},"metadata":{"@type":"type.googleapis.com/google.firestore.admin.v1.LocationMetadata"},"locationId":"me-west1","displayName":"Tel Aviv"},{"name":"projects/aidating-b3607/locations/northamerica-northeast1","labels":{"appengine.googleapis.com/region":"northamerica-northeast1","cloud.googleapis.com/location":"northamerica-northeast1","cloud.googleapis.com/region":"northamerica-northeast1"},"metadata":{"@type":"type.googleapis.com/google.firestore.admin.v1.LocationMetadata"},"locationId":"northamerica-northeast1","displayName":"Montréal"},{"name":"projects/aidating-b3607/locations/northamerica-northeast2","labels":{"cloud.googleapis.com/location":"northamerica-northeast2","cloud.googleapis.com/region":"northamerica-northeast2"},"metadata":{"@type":"type.googleapis.com/google.firestore.admin.v1.LocationMetadata"},"locationId":"northamerica-northeast2","displayName":"Toronto"},{"name":"projects/aidating-b3607/locations/northamerica-south1","labels":{"cloud.googleapis.com/location":"northamerica-south1","cloud.googleapis.com/region":"northamerica-south1"},"metadata":{"@type":"type.googleapis.com/google.firestore.admin.v1.LocationMetadata"},"locationId":"northamerica-south1","displayName":"Mexico"},{"name":"projects/aidating-b3607/locations/southamerica-east1","labels":{"appengine.googleapis.com/region":"southamerica-east1","cloud.googleapis.com/location":"southamerica-east1","cloud.googleapis.com/region":"southamerica-east1"},"metadata":{"@type":"type.googleapis.com/google.firestore.admin.v1.LocationMetadata"},"locationId":"southamerica-east1","displayName":"São Paulo"},{"name":"projects/aidating-b3607/locations/southamerica-west1","labels":{"cloud.googleapis.com/location":"southamerica-west1","cloud.googleapis.com/region":"southamerica-west1"},"metadata":{"@type":"type.googleapis.com/google.firestore.admin.v1.LocationMetadata"},"locationId":"southamerica-west1","displayName":"Santiago"},{"name":"projects/aidating-b3607/locations/us-central1","labels":{"cloud.googleapis.com/location":"us-central1","cloud.googleapis.com/region":"us-central1"},"metadata":{"@type":"type.googleapis.com/google.firestore.admin.v1.LocationMetadata"},"locationId":"us-central1","displayName":"Iowa"},{"name":"projects/aidating-b3607/locations/us-east1","labels":{"appengine.googleapis.com/region":"us-east1","cloud.googleapis.com/location":"us-east1","cloud.googleapis.com/region":"us-east1"},"metadata":{"@type":"type.googleapis.com/google.firestore.admin.v1.LocationMetadata"},"locationId":"us-east1","displayName":"South Carolina"},{"name":"projects/aidating-b3607/locations/us-east4","labels":{"appengine.googleapis.com/region":"us-east4","cloud.googleapis.com/location":"us-east4","cloud.googleapis.com/region":"us-east4"},"metadata":{"@type":"type.googleapis.com/google.firestore.admin.v1.LocationMetadata"},"locationId":"us-east4","displayName":"Northern Virginia"},{"name":"projects/aidating-b3607/locations/us-east5","labels":{"cloud.googleapis.com/location":"us-east5","cloud.googleapis.com/region":"us-east5"},"metadata":{"@type":"type.googleapis.com/google.firestore.admin.v1.LocationMetadata"},"locationId":"us-east5","displayName":"Columbus"},{"name":"projects/aidating-b3607/locations/us-south1","labels":{"cloud.googleapis.com/location":"us-south1","cloud.googleapis.com/region":"us-south1"},"metadata":{"@type":"type.googleapis.com/google.firestore.admin.v1.LocationMetadata"},"locationId":"us-south1","displayName":"Dallas"},{"name":"projects/aidating-b3607/locations/us-west1","labels":{"appengine.googleapis.com/region":"us-west1","cloud.googleapis.com/location":"us-west1","cloud.googleapis.com/region":"us-west1"},"metadata":{"@type":"type.googleapis.com/google.firestore.admin.v1.LocationMetadata"},"locationId":"us-west1","displayName":"Oregon"},{"name":"projects/aidating-b3607/locations/us-west2","labels":{"appengine.googleapis.com/region":"us-west2","cloud.googleapis.com/location":"us-west2","cloud.googleapis.com/region":"us-west2"},"metadata":{"@type":"type.googleapis.com/google.firestore.admin.v1.LocationMetadata"},"locationId":"us-west2","displayName":"Los Angeles"},{"name":"projects/aidating-b3607/locations/us-west3","labels":{"appengine.googleapis.com/region":"us-west3","cloud.googleapis.com/location":"us-west3","cloud.googleapis.com/region":"us-west3"},"metadata":{"@type":"type.googleapis.com/google.firestore.admin.v1.LocationMetadata"},"locationId":"us-west3","displayName":"Salt Lake City"},{"name":"projects/aidating-b3607/locations/us-west4","labels":{"appengine.googleapis.com/region":"us-west4","cloud.googleapis.com/location":"us-west4","cloud.googleapis.com/region":"us-west4"},"metadata":{"@type":"type.googleapis.com/google.firestore.admin.v1.LocationMetadata"},"locationId":"us-west4","displayName":"Las Vegas"},{"name":"projects/aidating-b3607/locations/us-west8","labels":{"cloud.googleapis.com/location":"us-west8","cloud.googleapis.com/region":"us-west8"},"metadata":{"@type":"type.googleapis.com/google.firestore.admin.v1.LocationMetadata"},"locationId":"us-west8","displayName":"Phoenix"}]}
[info] 
[info] Firestore Security Rules allow you to define how and when to allow
[info] requests. You can keep these rules in your project directory
[info] and publish them with firebase deploy.
[info] 
